=====  2018-03-29 17:17:43 ==================================================================================

uri_path
Array
(
    [service] => Адрес сайта
    [result] => Не определен
    [status] => <font color=#00982B>OK</font>
    [status1] => <font color=#00982B>OK</font>
    [result1] => http://127.0.0.1/amiro/
    [result2] => /var/www/amiro/
    [status2] => <font color=#00982B>OK</font>
    [serviceform] => <!--rootpath_form-->
       <table border=0 class='innertxt' cellpadding=0 cellspacing=0 width=100%>
       <tr><td nowrap>URL сайта:&nbsp;</td>
	<td nowrap class="td_bl">http://127.0.0.1/amiro/</td></tr>
       <tr><td nowrap valign=top>Путь к корню сайта:&nbsp;</td>
	<td class="td_bl" style="font-size:10px;"><input class='txtfld' type=text value='/var/www/amiro/' style='width:295px;background:#f0f0f0;'  onkeypress="return false;"></td></tr>
       </table>

)

installer_version
Array
(
    [service] => Последняя версия установщика
    [result] => 6.19 (6.1)
    [status] => <font color=#00982B>OK</font>
    [hide] => 1
)

php_version
Array
(
    [service] => Версия PHP
    [result] => 5.6.34-1+ubuntu16.04.1+deb.sury.org+1
    [status] => <font color=#00982B>OK</font>
    [hide] => 1
)

os_type
Array
(
    [service] => Операционная система
    [result] => Linux
    [status] => <font color=#00982B>OK</font>
    [hide] => 1
    [comment] => Linux
)

server_type
Array
(
    [service] => Веб Сервер
    [result] => Не определен
    [status] => <font color=#ff9000>ВНИМАНИЕ</font>
    [comment] => Система могла быть не протестирована с данным веб сервером.nginx/1.13.9
)

ip
Array
(
    [service] => IP адрес сервера
    [result] => 172.20.0.8
    [status] => <font color=#00982B>OK</font>
    [hide] => 1
)

can_write
Array
(
    [service] => Возможность записи в корневую папку сайта
    [result] => ДА
    [status] => <font color=#00982B>OK</font>
    [hide] => 1
)

can_mkdir
Array
(
    [service] => Возможность создания подпапок в корневой папке сайта
    [result] => ДА
    [status] => <font color=#00982B>OK</font>
    [hide] => 1
)

disk_size
Array
(
    [service] => Доступное место на диске
    [result] => 90 723 Mb
    [status] => <font color=#00982B>OK</font>
    [hide] => 1
)

safemode_off
Array
(
    [service] => PHP: Safe mode
    [result] => НЕТ
    [status] => <font color=#00982B>OK</font>
    [hide] => 1
)

short_open_tag
Array
(
    [service] => PHP: Short open tag
    [result] => НЕТ
    [status] => <font color=#ff0000>ОШИБКА</font>
    [comment] => Поддержка short open tag должна быть включена
)

mbstring_present
Array
(
    [service] => PHP: Mbstring
    [result] => ДА
    [status] => <font color=#00982B>OK</font>
    [hide] => 1
)

zlib_present
Array
(
    [service] => PHP: ZLib
    [result] => ДА
    [status] => <font color=#00982B>OK</font>
    [hide] => 1
)

curl_present
Array
(
    [service] => PHP: cURL
    [result] => НЕТ
    [status] => <font color=#ff9000>ВНИМАНИЕ</font>
    [comment] => <font color='red'>В PHP на этом сервере отсутствует поддержка cURL. Часть функционала может оказаться недоступной (например, автоматическая загрузка обновлений)</font>
)

json_present
Array
(
    [service] => PHP: JSON
    [result] => ДА
    [status] => <font color=#00982B>OK</font>
    [hide] => 1
)

xml_present
Array
(
    [service] => PHP: XML
    [result] => НЕТ
    [status] => <font color=#ff0000>ОШИБКА</font>
    [comment] => Не найдена библиотека XML, установка системы невозможна.
)

simplexml_present
Array
(
    [service] => PHP: SimpleXML
    [result] => НЕТ
    [status] => <font color=#ff0000>ОШИБКА</font>
    [comment] => Не найдена библиотека SimpleXML, установка системы невозможна.
)

settimelimit_present
Array
(
    [service] => PHP: set_time_limit()
    [result] => ДА
    [status] => <font color=#00982B>OK</font>
    [hide] => 1
)

mem_size
Array
(
    [service] => PHP Лимит памяти
    [result] => 128 Mb
    [status] => <font color=#00982B>OK</font>
    [hide] => 1
)

pcre_backtrack_limit
Array
(
    [service] => PHP: pcre.backtrack_limit
    [result] => 1000000
    [status] => <font color=#00982B>OK</font>
    [hide] => 1
)

cpu_bench
Array
(
    [service] => CPU: Тест производительности
    [result] => 0.051sec
    [status] => <font color=#00982B>OK</font>
    [hide] => 1
    [comment] => <font color=#00aa00>Очень высокая!</font> <br>Результат зависит от текущей загрузки процессора. При повторных обновлениях этой страницы - значения могут отличаться.
)

mysql_present
Array
(
    [service] => MySQL: php поддержка
    [result] => ON
    [status] => <font color=#00982B>OK</font>
    [hide] => 1
)

mysql_version_client
Array
(
    [service] => MySQL: версия клиента
    [result] => 5.0.11
    [status] => <font color=#00982B>OK</font>
    [hide] => 1
)

mysql_connect
Array
(
    [service] => MySQL База Данных
    [result] => OFF
    [status] => <font color=#ff0000>ОШИБКА</font>
    [form] => <!--mysql_form-->
       <table border=0 class='innertxt' cellpadding=0 cellspacing=0>
       <tr><td style="padding:1px 0;" nowrap>Адрес сервера<b>*</b>:&nbsp;</td><td valign=top style="padding:1px 0;"><input class='txtfld' size=20 type=text name=mysql_host value=""></td></tr>
       <tr><td style="padding:1px 0;" nowrap>Пользователь<b>*</b>:&nbsp;</td><td style="padding:1px 0;"><input class='txtfld' size=20 type=text name=mysql_user value=""></td></tr>
       <tr><td style="padding:1px 0;" nowrap>Пароль:&nbsp;</td><td style="padding:1px 0;"><input class='txtfld' size=20 type=password name=mysql_password value=""></td></tr>
       <tr><td style="padding:1px 0;" nowrap>Имя базы данных<b>*</b>:&nbsp;</td><td style="padding:1px 0;"><input class='txtfld' size=20 type=text name=mysql_db value=""></td></tr>
       </table>

    [form_hidden] => <!--mysql_form_hidden-->
       <table border=0 class='innertxt' cellpadding=0 cellspacing=0>
       <tr><td style="padding:1px 0;" nowrap>Адрес сервера<b>*</b>:&nbsp;</td><td valign=top style="padding:1px 0;"><input class='txtfld' size=20 type=hidden name=mysql_host value=""></td></tr>
       <tr><td style="padding:1px 0;" nowrap>Пользователь<b>*</b>:&nbsp;</td><td style="padding:1px 0;"><input class='txtfld' size=20 type=hidden name=mysql_user value=""></td></tr>
       <tr><td style="padding:1px 0;" nowrap>Пароль:&nbsp;</td><td style="padding:1px 0;"><input class='txtfld' size=20 type=hidden name=mysql_password value=""></td></tr>
       <tr><td style="padding:1px 0;" nowrap>Имя базы данных<b>*</b>:&nbsp;</td><td style="padding:1px 0;"><input class='txtfld' size=20 type=hidden name=mysql_db value=""></td></tr>
       </table>

    [serviceform] => <!--mysql_form-->
       <table border=0 class='innertxt' cellpadding=0 cellspacing=0>
       <tr><td style="padding:1px 0;" nowrap>Адрес сервера<b>*</b>:&nbsp;</td><td valign=top style="padding:1px 0;"><input class='txtfld' size=20 type=text name=mysql_host value=""></td></tr>
       <tr><td style="padding:1px 0;" nowrap>Пользователь<b>*</b>:&nbsp;</td><td style="padding:1px 0;"><input class='txtfld' size=20 type=text name=mysql_user value=""></td></tr>
       <tr><td style="padding:1px 0;" nowrap>Пароль:&nbsp;</td><td style="padding:1px 0;"><input class='txtfld' size=20 type=password name=mysql_password value=""></td></tr>
       <tr><td style="padding:1px 0;" nowrap>Имя базы данных<b>*</b>:&nbsp;</td><td style="padding:1px 0;"><input class='txtfld' size=20 type=text name=mysql_db value=""></td></tr>
       </table>

    [comment] => Введите корректный адрес сервера MySQL, имя пользователя и пароль.
    [hide_mysql] => 
)

mysql_version_server
Array
(
    [service] => MySQL: версия сервера
    [result] => 
    [status] => 
    [comment] => Не определен
    [hide] => 1
)

mysql_grants
Array
(
    [service] => MySQL: права доступа
    [result] => 
    [status] => 
    [hide] => 1
    [comment] => Не определен
)

mysql_charset
Array
(
    [service] => MySQL: кодировка данных
    [result] => 
    [status] => 
    [hide] => 1
    [comment] => Не определен
)

mail_send
Array
(
    [service] => Отправка почты
    [result] => OFF
    [status] => <font color=#ff9000>ВНИМАНИЕ</font>
    [hide_email] => 
    [form] => <!--email_form-->
       <table border=0 class='innertxt''>
       <tr><td nowrap width=140>Ваш email:&nbsp;</td><td><input class='txtfld' size=28 type=text name=email value=""></td></tr>
       </table>

    [serviceform] => <!--email_form-->
       <table border=0 class='innertxt''>
       <tr><td nowrap width=140>Ваш email:&nbsp;</td><td><input class='txtfld' size=28 type=text name=email value=""></td></tr>
       </table>

    [comment] => Вы можете ввести свой email для проверки возможности отправки почты.
)

gd_lib
Array
(
    [service] => Поддержка операций с изображениями
    [result] => НЕТ
    [status] => <font color=#ff9000>ВНИМАНИЕ</font>
    [comment] => <font color='red'>Библиотека не найдена (gdlib или imagemagick). Будут недоступны операции с изображениями: автоматическое приведение размеров и оптимизация, наложение водяных знаков и т.п.</font>
)



=====  2018-03-29 17:25:39 ==================================================================================

uri_path
Array
(
    [service] => Адрес сайта
    [result] => Не определен
    [status] => <font color=#00982B>OK</font>
    [status1] => <font color=#00982B>OK</font>
    [result1] => http://127.0.0.1/amiro/
    [result2] => /var/www/amiro/
    [status2] => <font color=#00982B>OK</font>
    [serviceform] => <!--rootpath_form-->
       <table border=0 class='innertxt' cellpadding=0 cellspacing=0 width=100%>
       <tr><td nowrap>URL сайта:&nbsp;</td>
	<td nowrap class="td_bl">http://127.0.0.1/amiro/</td></tr>
       <tr><td nowrap valign=top>Путь к корню сайта:&nbsp;</td>
	<td class="td_bl" style="font-size:10px;"><input class='txtfld' type=text value='/var/www/amiro/' style='width:295px;background:#f0f0f0;'  onkeypress="return false;"></td></tr>
       </table>

)

installer_version
Array
(
    [service] => Последняя версия установщика
    [result] => 6.19 (6.1)
    [status] => <font color=#00982B>OK</font>
    [hide] => 1
)

php_version
Array
(
    [service] => Версия PHP
    [result] => 5.6.34-1+ubuntu16.04.1+deb.sury.org+1
    [status] => <font color=#00982B>OK</font>
    [hide] => 1
)

os_type
Array
(
    [service] => Операционная система
    [result] => Linux
    [status] => <font color=#00982B>OK</font>
    [hide] => 1
    [comment] => Linux
)

server_type
Array
(
    [service] => Веб Сервер
    [result] => Не определен
    [status] => <font color=#ff9000>ВНИМАНИЕ</font>
    [comment] => Система могла быть не протестирована с данным веб сервером.nginx/1.13.9
)

ip
Array
(
    [service] => IP адрес сервера
    [result] => 172.20.0.2
    [status] => <font color=#00982B>OK</font>
    [hide] => 1
)

can_write
Array
(
    [service] => Возможность записи в корневую папку сайта
    [result] => ДА
    [status] => <font color=#00982B>OK</font>
    [hide] => 1
)

can_mkdir
Array
(
    [service] => Возможность создания подпапок в корневой папке сайта
    [result] => ДА
    [status] => <font color=#00982B>OK</font>
    [hide] => 1
)

disk_size
Array
(
    [service] => Доступное место на диске
    [result] => 90 728 Mb
    [status] => <font color=#00982B>OK</font>
    [hide] => 1
)

safemode_off
Array
(
    [service] => PHP: Safe mode
    [result] => НЕТ
    [status] => <font color=#00982B>OK</font>
    [hide] => 1
)

short_open_tag
Array
(
    [service] => PHP: Short open tag
    [result] => ДА
    [status] => <font color=#00982B>OK</font>
    [hide] => 1
)

mbstring_present
Array
(
    [service] => PHP: Mbstring
    [result] => ДА
    [status] => <font color=#00982B>OK</font>
    [hide] => 1
)

zlib_present
Array
(
    [service] => PHP: ZLib
    [result] => ДА
    [status] => <font color=#00982B>OK</font>
    [hide] => 1
)

curl_present
Array
(
    [service] => PHP: cURL
    [result] => 7.47.0
    [status] => <font color=#00982B>OK</font>
    [hide] => 1
)

json_present
Array
(
    [service] => PHP: JSON
    [result] => ДА
    [status] => <font color=#00982B>OK</font>
    [hide] => 1
)

xml_present
Array
(
    [service] => PHP: XML
    [result] => ДА
    [status] => <font color=#00982B>OK</font>
    [hide] => 1
)

simplexml_present
Array
(
    [service] => PHP: SimpleXML
    [result] => ДА
    [status] => <font color=#00982B>OK</font>
    [hide] => 1
)

settimelimit_present
Array
(
    [service] => PHP: set_time_limit()
    [result] => ДА
    [status] => <font color=#00982B>OK</font>
    [hide] => 1
)

mem_size
Array
(
    [service] => PHP Лимит памяти
    [result] => 128 Mb
    [status] => <font color=#00982B>OK</font>
    [hide] => 1
)

pcre_backtrack_limit
Array
(
    [service] => PHP: pcre.backtrack_limit
    [result] => 1000000
    [status] => <font color=#00982B>OK</font>
    [hide] => 1
)

cpu_bench
Array
(
    [service] => CPU: Тест производительности
    [result] => 0.036sec
    [status] => <font color=#00982B>OK</font>
    [hide] => 1
    [comment] => <font color=#00aa00>Очень высокая!</font> <br>Результат зависит от текущей загрузки процессора. При повторных обновлениях этой страницы - значения могут отличаться.
)

mysql_present
Array
(
    [service] => MySQL: php поддержка
    [result] => ON
    [status] => <font color=#00982B>OK</font>
    [hide] => 1
)

mysql_version_client
Array
(
    [service] => MySQL: версия клиента
    [result] => 5.0.11
    [status] => <font color=#00982B>OK</font>
    [hide] => 1
)

mysql_connect
Array
(
    [service] => MySQL База Данных
    [result] => OFF
    [status] => <font color=#ff0000>ОШИБКА</font>
    [form] => <!--mysql_form-->
       <table border=0 class='innertxt' cellpadding=0 cellspacing=0>
       <tr><td style="padding:1px 0;" nowrap>Адрес сервера<b>*</b>:&nbsp;</td><td valign=top style="padding:1px 0;"><input class='txtfld' size=20 type=text name=mysql_host value=""></td></tr>
       <tr><td style="padding:1px 0;" nowrap>Пользователь<b>*</b>:&nbsp;</td><td style="padding:1px 0;"><input class='txtfld' size=20 type=text name=mysql_user value=""></td></tr>
       <tr><td style="padding:1px 0;" nowrap>Пароль:&nbsp;</td><td style="padding:1px 0;"><input class='txtfld' size=20 type=password name=mysql_password value=""></td></tr>
       <tr><td style="padding:1px 0;" nowrap>Имя базы данных<b>*</b>:&nbsp;</td><td style="padding:1px 0;"><input class='txtfld' size=20 type=text name=mysql_db value=""></td></tr>
       </table>

    [form_hidden] => <!--mysql_form_hidden-->
       <table border=0 class='innertxt' cellpadding=0 cellspacing=0>
       <tr><td style="padding:1px 0;" nowrap>Адрес сервера<b>*</b>:&nbsp;</td><td valign=top style="padding:1px 0;"><input class='txtfld' size=20 type=hidden name=mysql_host value=""></td></tr>
       <tr><td style="padding:1px 0;" nowrap>Пользователь<b>*</b>:&nbsp;</td><td style="padding:1px 0;"><input class='txtfld' size=20 type=hidden name=mysql_user value=""></td></tr>
       <tr><td style="padding:1px 0;" nowrap>Пароль:&nbsp;</td><td style="padding:1px 0;"><input class='txtfld' size=20 type=hidden name=mysql_password value=""></td></tr>
       <tr><td style="padding:1px 0;" nowrap>Имя базы данных<b>*</b>:&nbsp;</td><td style="padding:1px 0;"><input class='txtfld' size=20 type=hidden name=mysql_db value=""></td></tr>
       </table>

    [serviceform] => <!--mysql_form-->
       <table border=0 class='innertxt' cellpadding=0 cellspacing=0>
       <tr><td style="padding:1px 0;" nowrap>Адрес сервера<b>*</b>:&nbsp;</td><td valign=top style="padding:1px 0;"><input class='txtfld' size=20 type=text name=mysql_host value=""></td></tr>
       <tr><td style="padding:1px 0;" nowrap>Пользователь<b>*</b>:&nbsp;</td><td style="padding:1px 0;"><input class='txtfld' size=20 type=text name=mysql_user value=""></td></tr>
       <tr><td style="padding:1px 0;" nowrap>Пароль:&nbsp;</td><td style="padding:1px 0;"><input class='txtfld' size=20 type=password name=mysql_password value=""></td></tr>
       <tr><td style="padding:1px 0;" nowrap>Имя базы данных<b>*</b>:&nbsp;</td><td style="padding:1px 0;"><input class='txtfld' size=20 type=text name=mysql_db value=""></td></tr>
       </table>

    [comment] => Введите корректный адрес сервера MySQL, имя пользователя и пароль.
    [hide_mysql] => 
)

mysql_version_server
Array
(
    [service] => MySQL: версия сервера
    [result] => 
    [status] => 
    [comment] => Не определен
    [hide] => 1
)

mysql_grants
Array
(
    [service] => MySQL: права доступа
    [result] => 
    [status] => 
    [hide] => 1
    [comment] => Не определен
)

mysql_charset
Array
(
    [service] => MySQL: кодировка данных
    [result] => 
    [status] => 
    [hide] => 1
    [comment] => Не определен
)

mail_send
Array
(
    [service] => Отправка почты
    [result] => OFF
    [status] => <font color=#ff9000>ВНИМАНИЕ</font>
    [hide_email] => 
    [form] => <!--email_form-->
       <table border=0 class='innertxt''>
       <tr><td nowrap width=140>Ваш email:&nbsp;</td><td><input class='txtfld' size=28 type=text name=email value=""></td></tr>
       </table>

    [serviceform] => <!--email_form-->
       <table border=0 class='innertxt''>
       <tr><td nowrap width=140>Ваш email:&nbsp;</td><td><input class='txtfld' size=28 type=text name=email value=""></td></tr>
       </table>

    [comment] => Вы можете ввести свой email для проверки возможности отправки почты.
)

gd_lib
Array
(
    [service] => Поддержка операций с изображениями
    [result] => НЕТ
    [status] => <font color=#ff9000>ВНИМАНИЕ</font>
    [comment] => <font color='red'>Библиотека не найдена (gdlib или imagemagick). Будут недоступны операции с изображениями: автоматическое приведение размеров и оптимизация, наложение водяных знаков и т.п.</font>
)



=====  2018-03-29 17:26:42 ==================================================================================

uri_path
Array
(
    [service] => Адрес сайта
    [result] => Не определен
    [status] => <font color=#00982B>OK</font>
    [status1] => <font color=#00982B>OK</font>
    [result1] => http://127.0.0.1/amiro/
    [result2] => /var/www/amiro/
    [status2] => <font color=#00982B>OK</font>
    [serviceform] => <!--rootpath_form-->
       <table border=0 class='innertxt' cellpadding=0 cellspacing=0 width=100%>
       <tr><td nowrap>URL сайта:&nbsp;</td>
	<td nowrap class="td_bl">http://127.0.0.1/amiro/</td></tr>
       <tr><td nowrap valign=top>Путь к корню сайта:&nbsp;</td>
	<td class="td_bl" style="font-size:10px;"><input class='txtfld' type=text value='/var/www/amiro/' style='width:295px;background:#f0f0f0;'  onkeypress="return false;"></td></tr>
       </table>

)

installer_version
Array
(
    [service] => Последняя версия установщика
    [result] => 6.19 (6.1)
    [status] => <font color=#00982B>OK</font>
    [hide] => 1
)

php_version
Array
(
    [service] => Версия PHP
    [result] => 5.6.34-1+ubuntu16.04.1+deb.sury.org+1
    [status] => <font color=#00982B>OK</font>
    [hide] => 1
)

os_type
Array
(
    [service] => Операционная система
    [result] => Linux
    [status] => <font color=#00982B>OK</font>
    [hide] => 1
    [comment] => Linux
)

server_type
Array
(
    [service] => Веб Сервер
    [result] => Не определен
    [status] => <font color=#ff9000>ВНИМАНИЕ</font>
    [comment] => Система могла быть не протестирована с данным веб сервером.nginx/1.13.9
)

ip
Array
(
    [service] => IP адрес сервера
    [result] => 172.20.0.2
    [status] => <font color=#00982B>OK</font>
    [hide] => 1
)

can_write
Array
(
    [service] => Возможность записи в корневую папку сайта
    [result] => ДА
    [status] => <font color=#00982B>OK</font>
    [hide] => 1
)

can_mkdir
Array
(
    [service] => Возможность создания подпапок в корневой папке сайта
    [result] => ДА
    [status] => <font color=#00982B>OK</font>
    [hide] => 1
)

disk_size
Array
(
    [service] => Доступное место на диске
    [result] => 90 715 Mb
    [status] => <font color=#00982B>OK</font>
    [hide] => 1
)

safemode_off
Array
(
    [service] => PHP: Safe mode
    [result] => НЕТ
    [status] => <font color=#00982B>OK</font>
    [hide] => 1
)

short_open_tag
Array
(
    [service] => PHP: Short open tag
    [result] => ДА
    [status] => <font color=#00982B>OK</font>
    [hide] => 1
)

mbstring_present
Array
(
    [service] => PHP: Mbstring
    [result] => ДА
    [status] => <font color=#00982B>OK</font>
    [hide] => 1
)

zlib_present
Array
(
    [service] => PHP: ZLib
    [result] => ДА
    [status] => <font color=#00982B>OK</font>
    [hide] => 1
)

curl_present
Array
(
    [service] => PHP: cURL
    [result] => 7.47.0
    [status] => <font color=#00982B>OK</font>
    [hide] => 1
)

json_present
Array
(
    [service] => PHP: JSON
    [result] => ДА
    [status] => <font color=#00982B>OK</font>
    [hide] => 1
)

xml_present
Array
(
    [service] => PHP: XML
    [result] => ДА
    [status] => <font color=#00982B>OK</font>
    [hide] => 1
)

simplexml_present
Array
(
    [service] => PHP: SimpleXML
    [result] => ДА
    [status] => <font color=#00982B>OK</font>
    [hide] => 1
)

settimelimit_present
Array
(
    [service] => PHP: set_time_limit()
    [result] => ДА
    [status] => <font color=#00982B>OK</font>
    [hide] => 1
)

mem_size
Array
(
    [service] => PHP Лимит памяти
    [result] => 128 Mb
    [status] => <font color=#00982B>OK</font>
    [hide] => 1
)

pcre_backtrack_limit
Array
(
    [service] => PHP: pcre.backtrack_limit
    [result] => 1000000
    [status] => <font color=#00982B>OK</font>
    [hide] => 1
)

cpu_bench
Array
(
    [service] => CPU: Тест производительности
    [result] => 0.035sec
    [status] => <font color=#00982B>OK</font>
    [hide] => 1
    [comment] => <font color=#00aa00>Очень высокая!</font> <br>Результат зависит от текущей загрузки процессора. При повторных обновлениях этой страницы - значения могут отличаться.
)

mysql_present
Array
(
    [service] => MySQL: php поддержка
    [result] => ON
    [status] => <font color=#00982B>OK</font>
    [hide] => 1
)

mysql_version_client
Array
(
    [service] => MySQL: версия клиента
    [result] => 5.0.11
    [status] => <font color=#00982B>OK</font>
    [hide] => 1
)

mysql_connect
Array
(
    [service] => MySQL База Данных
    [result] => OFF
    [status] => <font color=#ff0000>ОШИБКА</font>
    [form] => <!--mysql_form-->
       <table border=0 class='innertxt' cellpadding=0 cellspacing=0>
       <tr><td style="padding:1px 0;" nowrap>Адрес сервера<b>*</b>:&nbsp;</td><td valign=top style="padding:1px 0;"><input class='txtfld' size=20 type=text name=mysql_host value=""></td></tr>
       <tr><td style="padding:1px 0;" nowrap>Пользователь<b>*</b>:&nbsp;</td><td style="padding:1px 0;"><input class='txtfld' size=20 type=text name=mysql_user value=""></td></tr>
       <tr><td style="padding:1px 0;" nowrap>Пароль:&nbsp;</td><td style="padding:1px 0;"><input class='txtfld' size=20 type=password name=mysql_password value=""></td></tr>
       <tr><td style="padding:1px 0;" nowrap>Имя базы данных<b>*</b>:&nbsp;</td><td style="padding:1px 0;"><input class='txtfld' size=20 type=text name=mysql_db value=""></td></tr>
       </table>

    [form_hidden] => <!--mysql_form_hidden-->
       <table border=0 class='innertxt' cellpadding=0 cellspacing=0>
       <tr><td style="padding:1px 0;" nowrap>Адрес сервера<b>*</b>:&nbsp;</td><td valign=top style="padding:1px 0;"><input class='txtfld' size=20 type=hidden name=mysql_host value=""></td></tr>
       <tr><td style="padding:1px 0;" nowrap>Пользователь<b>*</b>:&nbsp;</td><td style="padding:1px 0;"><input class='txtfld' size=20 type=hidden name=mysql_user value=""></td></tr>
       <tr><td style="padding:1px 0;" nowrap>Пароль:&nbsp;</td><td style="padding:1px 0;"><input class='txtfld' size=20 type=hidden name=mysql_password value=""></td></tr>
       <tr><td style="padding:1px 0;" nowrap>Имя базы данных<b>*</b>:&nbsp;</td><td style="padding:1px 0;"><input class='txtfld' size=20 type=hidden name=mysql_db value=""></td></tr>
       </table>

    [serviceform] => <!--mysql_form-->
       <table border=0 class='innertxt' cellpadding=0 cellspacing=0>
       <tr><td style="padding:1px 0;" nowrap>Адрес сервера<b>*</b>:&nbsp;</td><td valign=top style="padding:1px 0;"><input class='txtfld' size=20 type=text name=mysql_host value=""></td></tr>
       <tr><td style="padding:1px 0;" nowrap>Пользователь<b>*</b>:&nbsp;</td><td style="padding:1px 0;"><input class='txtfld' size=20 type=text name=mysql_user value=""></td></tr>
       <tr><td style="padding:1px 0;" nowrap>Пароль:&nbsp;</td><td style="padding:1px 0;"><input class='txtfld' size=20 type=password name=mysql_password value=""></td></tr>
       <tr><td style="padding:1px 0;" nowrap>Имя базы данных<b>*</b>:&nbsp;</td><td style="padding:1px 0;"><input class='txtfld' size=20 type=text name=mysql_db value=""></td></tr>
       </table>

    [comment] => Введите корректный адрес сервера MySQL, имя пользователя и пароль.
    [hide_mysql] => 
)

mysql_version_server
Array
(
    [service] => MySQL: версия сервера
    [result] => 
    [status] => 
    [comment] => Не определен
    [hide] => 1
)

mysql_grants
Array
(
    [service] => MySQL: права доступа
    [result] => 
    [status] => 
    [hide] => 1
    [comment] => Не определен
)

mysql_charset
Array
(
    [service] => MySQL: кодировка данных
    [result] => 
    [status] => 
    [hide] => 1
    [comment] => Не определен
)

mail_send
Array
(
    [service] => Отправка почты
    [result] => OFF
    [status] => <font color=#ff9000>ВНИМАНИЕ</font>
    [hide_email] => 
    [form] => <!--email_form-->
       <table border=0 class='innertxt''>
       <tr><td nowrap width=140>Ваш email:&nbsp;</td><td><input class='txtfld' size=28 type=text name=email value=""></td></tr>
       </table>

    [serviceform] => <!--email_form-->
       <table border=0 class='innertxt''>
       <tr><td nowrap width=140>Ваш email:&nbsp;</td><td><input class='txtfld' size=28 type=text name=email value=""></td></tr>
       </table>

    [comment] => Вы можете ввести свой email для проверки возможности отправки почты.
)

gd_lib
Array
(
    [service] => Поддержка операций с изображениями
    [result] => GD_Lib:2.2.5
    [status] => <font color=#00982B>OK</font>
    [comment] => <b>GD_Lib details:</b><br>GIF Read Support:YES<br>GIF Create Support:YES<br>JPG Support:NO<br>JPEG Support:YES<br>PNG Support:YES
    [hide] => 1
)



=====  2018-03-29 17:27:06 ==================================================================================

uri_path
Array
(
    [service] => Адрес сайта
    [result] => Не определен
    [status] => <font color=#00982B>OK</font>
    [status1] => <font color=#00982B>OK</font>
    [result1] => http://127.0.0.1/amiro/
    [result2] => /var/www/amiro/
    [status2] => <font color=#00982B>OK</font>
    [serviceform] => <!--rootpath_form-->
       <table border=0 class='innertxt' cellpadding=0 cellspacing=0 width=100%>
       <tr><td nowrap>URL сайта:&nbsp;</td>
	<td nowrap class="td_bl">http://127.0.0.1/amiro/</td></tr>
       <tr><td nowrap valign=top>Путь к корню сайта:&nbsp;</td>
	<td class="td_bl" style="font-size:10px;"><input class='txtfld' type=text value='/var/www/amiro/' style='width:295px;background:#f0f0f0;'  onkeypress="return false;"></td></tr>
       </table>

)

installer_version
Array
(
    [service] => Последняя версия установщика
    [result] => 6.19 (6.1)
    [status] => <font color=#00982B>OK</font>
    [hide] => 1
)

php_version
Array
(
    [service] => Версия PHP
    [result] => 5.6.34-1+ubuntu16.04.1+deb.sury.org+1
    [status] => <font color=#00982B>OK</font>
    [hide] => 1
)

os_type
Array
(
    [service] => Операционная система
    [result] => Linux
    [status] => <font color=#00982B>OK</font>
    [hide] => 1
    [comment] => Linux
)

server_type
Array
(
    [service] => Веб Сервер
    [result] => Не определен
    [status] => <font color=#ff9000>ВНИМАНИЕ</font>
    [comment] => Система могла быть не протестирована с данным веб сервером.nginx/1.13.9
)

ip
Array
(
    [service] => IP адрес сервера
    [result] => 172.20.0.2
    [status] => <font color=#00982B>OK</font>
    [hide] => 1
)

can_write
Array
(
    [service] => Возможность записи в корневую папку сайта
    [result] => ДА
    [status] => <font color=#00982B>OK</font>
    [hide] => 1
)

can_mkdir
Array
(
    [service] => Возможность создания подпапок в корневой папке сайта
    [result] => ДА
    [status] => <font color=#00982B>OK</font>
    [hide] => 1
)

disk_size
Array
(
    [service] => Доступное место на диске
    [result] => 90 715 Mb
    [status] => <font color=#00982B>OK</font>
    [hide] => 1
)

safemode_off
Array
(
    [service] => PHP: Safe mode
    [result] => НЕТ
    [status] => <font color=#00982B>OK</font>
    [hide] => 1
)

short_open_tag
Array
(
    [service] => PHP: Short open tag
    [result] => ДА
    [status] => <font color=#00982B>OK</font>
    [hide] => 1
)

mbstring_present
Array
(
    [service] => PHP: Mbstring
    [result] => ДА
    [status] => <font color=#00982B>OK</font>
    [hide] => 1
)

zlib_present
Array
(
    [service] => PHP: ZLib
    [result] => ДА
    [status] => <font color=#00982B>OK</font>
    [hide] => 1
)

curl_present
Array
(
    [service] => PHP: cURL
    [result] => 7.47.0
    [status] => <font color=#00982B>OK</font>
    [hide] => 1
)

json_present
Array
(
    [service] => PHP: JSON
    [result] => ДА
    [status] => <font color=#00982B>OK</font>
    [hide] => 1
)

xml_present
Array
(
    [service] => PHP: XML
    [result] => ДА
    [status] => <font color=#00982B>OK</font>
    [hide] => 1
)

simplexml_present
Array
(
    [service] => PHP: SimpleXML
    [result] => ДА
    [status] => <font color=#00982B>OK</font>
    [hide] => 1
)

settimelimit_present
Array
(
    [service] => PHP: set_time_limit()
    [result] => ДА
    [status] => <font color=#00982B>OK</font>
    [hide] => 1
)

mem_size
Array
(
    [service] => PHP Лимит памяти
    [result] => 128 Mb
    [status] => <font color=#00982B>OK</font>
    [hide] => 1
)

pcre_backtrack_limit
Array
(
    [service] => PHP: pcre.backtrack_limit
    [result] => 1000000
    [status] => <font color=#00982B>OK</font>
    [hide] => 1
)

cpu_bench
Array
(
    [service] => CPU: Тест производительности
    [result] => 0.037sec
    [status] => <font color=#00982B>OK</font>
    [hide] => 1
    [comment] => <font color=#00aa00>Очень высокая!</font> <br>Результат зависит от текущей загрузки процессора. При повторных обновлениях этой страницы - значения могут отличаться.
)

mysql_present
Array
(
    [service] => MySQL: php поддержка
    [result] => ON
    [status] => <font color=#00982B>OK</font>
    [hide] => 1
)

mysql_version_client
Array
(
    [service] => MySQL: версия клиента
    [result] => 5.0.11
    [status] => <font color=#00982B>OK</font>
    [hide] => 1
)

mysql_connect
Array
(
    [service] => MySQL База Данных
    [result] => ON
    [status] => <font color=#00982B>OK</font>
    [form] => <!--mysql_form-->
       <table border=0 class='innertxt' cellpadding=0 cellspacing=0>
       <tr><td style="padding:1px 0;" nowrap>Адрес сервера<b>*</b>:&nbsp;</td><td valign=top style="padding:1px 0;"><input class='txtfld' size=20 type=text name=mysql_host value="mysql"></td></tr>
       <tr><td style="padding:1px 0;" nowrap>Пользователь<b>*</b>:&nbsp;</td><td style="padding:1px 0;"><input class='txtfld' size=20 type=text name=mysql_user value="amiro"></td></tr>
       <tr><td style="padding:1px 0;" nowrap>Пароль:&nbsp;</td><td style="padding:1px 0;"><input class='txtfld' size=20 type=password name=mysql_password value="amiro"></td></tr>
       <tr><td style="padding:1px 0;" nowrap>Имя базы данных<b>*</b>:&nbsp;</td><td style="padding:1px 0;"><input class='txtfld' size=20 type=text name=mysql_db value="amiro"></td></tr>
       </table>

    [form_hidden] => <!--mysql_form_hidden-->
       <table border=0 class='innertxt' cellpadding=0 cellspacing=0>
       <tr><td style="padding:1px 0;" nowrap>Адрес сервера<b>*</b>:&nbsp;</td><td valign=top style="padding:1px 0;"><input class='txtfld' size=20 type=hidden name=mysql_host value="mysql"></td></tr>
       <tr><td style="padding:1px 0;" nowrap>Пользователь<b>*</b>:&nbsp;</td><td style="padding:1px 0;"><input class='txtfld' size=20 type=hidden name=mysql_user value="amiro"></td></tr>
       <tr><td style="padding:1px 0;" nowrap>Пароль:&nbsp;</td><td style="padding:1px 0;"><input class='txtfld' size=20 type=hidden name=mysql_password value="amiro"></td></tr>
       <tr><td style="padding:1px 0;" nowrap>Имя базы данных<b>*</b>:&nbsp;</td><td style="padding:1px 0;"><input class='txtfld' size=20 type=hidden name=mysql_db value="amiro"></td></tr>
       </table>

    [serviceform] => <!--mysql_form-->
       <table border=0 class='innertxt' cellpadding=0 cellspacing=0>
       <tr><td style="padding:1px 0;" nowrap>Адрес сервера<b>*</b>:&nbsp;</td><td valign=top style="padding:1px 0;"><input class='txtfld' size=20 type=text name=mysql_host value="mysql"></td></tr>
       <tr><td style="padding:1px 0;" nowrap>Пользователь<b>*</b>:&nbsp;</td><td style="padding:1px 0;"><input class='txtfld' size=20 type=text name=mysql_user value="amiro"></td></tr>
       <tr><td style="padding:1px 0;" nowrap>Пароль:&nbsp;</td><td style="padding:1px 0;"><input class='txtfld' size=20 type=password name=mysql_password value="amiro"></td></tr>
       <tr><td style="padding:1px 0;" nowrap>Имя базы данных<b>*</b>:&nbsp;</td><td style="padding:1px 0;"><input class='txtfld' size=20 type=text name=mysql_db value="amiro"></td></tr>
       </table>

)

mysql_version_server
Array
(
    [service] => MySQL: версия сервера
    [result] => 5.7.21
    [status] => <font color=#00982B>OK</font>
    [hide] => 1
)

mysql_grants
Array
(
    [service] => MySQL: права доступа
    [result] => ДА
    [status] => <font color=#00982B>OK</font>
    [hide] => 1
)

mysql_charset
Array
(
    [service] => MySQL: кодировка данных
    [result] => utf8
    [status] => <font color=#00982B>OK</font>
    [hide] => 1
)

mail_send
Array
(
    [service] => Отправка почты
    [result] => OFF
    [status] => <font color=#ff9000>ВНИМАНИЕ</font>
    [hide_email] => 
    [form] => <!--email_form-->
       <table border=0 class='innertxt''>
       <tr><td nowrap width=140>Ваш email:&nbsp;</td><td><input class='txtfld' size=28 type=text name=email value=""></td></tr>
       </table>

    [serviceform] => <!--email_form-->
       <table border=0 class='innertxt''>
       <tr><td nowrap width=140>Ваш email:&nbsp;</td><td><input class='txtfld' size=28 type=text name=email value=""></td></tr>
       </table>

    [comment] => Вы можете ввести свой email для проверки возможности отправки почты.
)

gd_lib
Array
(
    [service] => Поддержка операций с изображениями
    [result] => GD_Lib:2.2.5
    [status] => <font color=#00982B>OK</font>
    [comment] => <b>GD_Lib details:</b><br>GIF Read Support:YES<br>GIF Create Support:YES<br>JPG Support:NO<br>JPEG Support:YES<br>PNG Support:YES
    [hide] => 1
)



